<?xml version="1.0" encoding="utf-8"?><testsuites name="pytest tests"><testsuite name="pytest" errors="0" failures="0" skipped="0" tests="17" time="6.413" timestamp="2026-03-31T11:20:01.944424+00:00" hostname="agent-env-08deedeb-efa6-4068-8c2d-12fc0bb911bd"><testcase classname="backend.tests.test_iteration3.TestBackendHealth" name="test_backend_is_running" time="0.291" /><testcase classname="backend.tests.test_iteration3.TestPublicCategoriesEndpoint" name="test_categories_returns_200" time="0.107" /><testcase classname="backend.tests.test_iteration3.TestPublicCategoriesEndpoint" name="test_categories_returns_list" time="0.117" /><testcase classname="backend.tests.test_iteration3.TestPublicCategoriesEndpoint" name="test_categories_have_sort_order" time="0.101" /><testcase classname="backend.tests.test_iteration3.TestPublicCategoriesEndpoint" name="test_categories_sorted_by_sort_order" time="0.106" /><testcase classname="backend.tests.test_iteration3.TestAdminAuthentication" name="test_admin_login_success" time="0.369" /><testcase classname="backend.tests.test_iteration3.TestAdminAuthentication" name="test_admin_login_invalid_credentials" time="0.330" /><testcase classname="backend.tests.test_iteration3.TestAdminCategoriesEndpoint" name="test_admin_categories_requires_auth" time="0.103" /><testcase classname="backend.tests.test_iteration3.TestAdminCategoriesEndpoint" name="test_admin_categories_returns_200_with_auth" time="0.455" /><testcase classname="backend.tests.test_iteration3.TestAdminCategoriesEndpoint" name="test_admin_categories_have_sort_order" time="0.437" /><testcase classname="backend.tests.test_iteration3.TestCategoryReorder" name="test_reorder_requires_auth" time="0.096" /><testcase classname="backend.tests.test_iteration3.TestCategoryReorder" name="test_reorder_categories_success" time="0.746" /><testcase classname="backend.tests.test_iteration3.TestAdminOrderManagement" name="test_get_admin_orders" time="0.437" /><testcase classname="backend.tests.test_iteration3.TestAdminOrderManagement" name="test_orders_have_address_fields" time="0.444" /><testcase classname="backend.tests.test_iteration3.TestAdminOrderManagement" name="test_orders_have_instruction_fields" time="0.436" /><testcase classname="backend.tests.test_iteration3.TestAdminOrderManagement" name="test_update_order_status" time="1.246" /><testcase classname="backend.tests.test_iteration3.TestAdminStats" name="test_admin_stats" time="0.517" /></testsuite></testsuites>